{"/Users/paulo/Developer/workspaces/python/mcp-gateway-demo/client/src/helpers/clipboard.js": {"path":"/Users/paulo/Developer/workspaces/python/mcp-gateway-demo/client/src/helpers/clipboard.js","statementMap":{"0":{"start":{"line":4,"column":4},"end":{"line":11,"column":null}},"1":{"start":{"line":5,"column":8},"end":{"line":10,"column":null}},"2":{"start":{"line":6,"column":12},"end":{"line":6,"column":null}},"3":{"start":{"line":7,"column":12},"end":{"line":7,"column":null}},"4":{"start":{"line":13,"column":18},"end":{"line":13,"column":52}},"5":{"start":{"line":14,"column":4},"end":{"line":14,"column":null}},"6":{"start":{"line":15,"column":4},"end":{"line":15,"column":null}},"7":{"start":{"line":16,"column":4},"end":{"line":16,"column":null}},"8":{"start":{"line":17,"column":4},"end":{"line":17,"column":null}},"9":{"start":{"line":18,"column":4},"end":{"line":18,"column":null}},"10":{"start":{"line":19,"column":4},"end":{"line":19,"column":null}},"11":{"start":{"line":20,"column":4},"end":{"line":20,"column":null}}},"fnMap":{"0":{"name":"copyText","decl":{"start":{"line":3,"column":22},"end":{"line":3,"column":30}},"loc":{"start":{"line":3,"column":37},"end":{"line":21,"column":null}},"line":3}},"branchMap":{"0":{"loc":{"start":{"line":4,"column":4},"end":{"line":11,"column":null}},"type":"if","locations":[{"start":{"line":4,"column":4},"end":{"line":11,"column":null}},{"start":{},"end":{}}],"line":4}},"s":{"0":3,"1":2,"2":2,"3":1,"4":2,"5":2,"6":2,"7":2,"8":2,"9":2,"10":2,"11":2},"f":{"0":3},"b":{"0":[2,1]},"meta":{"lastBranch":1,"lastFunction":1,"lastStatement":12,"seen":{"f:3:22:3:30":0,"b:4:4:11:Infinity:undefined:undefined:undefined:undefined":0,"s:4:4:11:Infinity":0,"s:5:8:10:Infinity":1,"s:6:12:6:Infinity":2,"s:7:12:7:Infinity":3,"s:13:18:13:52":4,"s:14:4:14:Infinity":5,"s:15:4:15:Infinity":6,"s:16:4:16:Infinity":7,"s:17:4:17:Infinity":8,"s:18:4:18:Infinity":9,"s:19:4:19:Infinity":10,"s:20:4:20:Infinity":11},"fnNames":{}}}
,"/Users/paulo/Developer/workspaces/python/mcp-gateway-demo/client/src/helpers/format.js": {"path":"/Users/paulo/Developer/workspaces/python/mcp-gateway-demo/client/src/helpers/format.js","statementMap":{"0":{"start":{"line":4,"column":4},"end":{"line":6,"column":null}},"1":{"start":{"line":5,"column":8},"end":{"line":5,"column":null}},"2":{"start":{"line":8,"column":4},"end":{"line":10,"column":null}},"3":{"start":{"line":9,"column":8},"end":{"line":9,"column":null}},"4":{"start":{"line":12,"column":4},"end":{"line":14,"column":null}},"5":{"start":{"line":13,"column":8},"end":{"line":13,"column":null}},"6":{"start":{"line":16,"column":4},"end":{"line":16,"column":null}},"7":{"start":{"line":19,"column":21},"end":{"line":19,"column":90}},"8":{"start":{"line":22,"column":4},"end":{"line":22,"column":null}},"9":{"start":{"line":26,"column":20},"end":{"line":26,"column":66}},"10":{"start":{"line":27,"column":4},"end":{"line":27,"column":null}},"11":{"start":{"line":31,"column":23},"end":{"line":31,"column":40}},"12":{"start":{"line":32,"column":22},"end":{"line":32,"column":38}},"13":{"start":{"line":34,"column":4},"end":{"line":47,"column":null}},"14":{"start":{"line":46,"column":51},"end":{"line":46,"column":62}}},"fnMap":{"0":{"name":"latencyLevel","decl":{"start":{"line":3,"column":16},"end":{"line":3,"column":28}},"loc":{"start":{"line":3,"column":40},"end":{"line":17,"column":null}},"line":3},"1":{"name":"statusLabel","decl":{"start":{"line":21,"column":16},"end":{"line":21,"column":27}},"loc":{"start":{"line":21,"column":36},"end":{"line":23,"column":null}},"line":21},"2":{"name":"statusLine","decl":{"start":{"line":25,"column":16},"end":{"line":25,"column":26}},"loc":{"start":{"line":25,"column":54},"end":{"line":28,"column":null}},"line":25},"3":{"name":"statRows","decl":{"start":{"line":30,"column":16},"end":{"line":30,"column":24}},"loc":{"start":{"line":30,"column":33},"end":{"line":48,"column":null}},"line":30},"4":{"name":"(anonymous_4)","decl":{"start":{"line":46,"column":39},"end":{"line":46,"column":40}},"loc":{"start":{"line":46,"column":51},"end":{"line":46,"column":62}},"line":46}},"branchMap":{"0":{"loc":{"start":{"line":4,"column":4},"end":{"line":6,"column":null}},"type":"if","locations":[{"start":{"line":4,"column":4},"end":{"line":6,"column":null}},{"start":{},"end":{}}],"line":4},"1":{"loc":{"start":{"line":8,"column":4},"end":{"line":10,"column":null}},"type":"if","locations":[{"start":{"line":8,"column":4},"end":{"line":10,"column":null}},{"start":{},"end":{}}],"line":8},"2":{"loc":{"start":{"line":12,"column":4},"end":{"line":14,"column":null}},"type":"if","locations":[{"start":{"line":12,"column":4},"end":{"line":14,"column":null}},{"start":{},"end":{}}],"line":12},"3":{"loc":{"start":{"line":22,"column":11},"end":{"line":22,"column":41}},"type":"binary-expr","locations":[{"start":{"line":22,"column":11},"end":{"line":22,"column":31}},{"start":{"line":22,"column":35},"end":{"line":22,"column":41}}],"line":22},"4":{"loc":{"start":{"line":26,"column":20},"end":{"line":26,"column":66}},"type":"cond-expr","locations":[{"start":{"line":26,"column":40},"end":{"line":26,"column":46}},{"start":{"line":26,"column":49},"end":{"line":26,"column":66}}],"line":26},"5":{"loc":{"start":{"line":45,"column":18},"end":{"line":45,"column":72}},"type":"cond-expr","locations":[{"start":{"line":45,"column":40},"end":{"line":45,"column":63}},{"start":{"line":45,"column":66},"end":{"line":45,"column":72}}],"line":45}},"s":{"0":4,"1":1,"2":3,"3":1,"4":2,"5":1,"6":1,"7":1,"8":4,"9":2,"10":2,"11":2,"12":2,"13":2,"14":2},"f":{"0":4,"1":4,"2":2,"3":2,"4":2},"b":{"0":[1,3],"1":[1,2],"2":[1,1],"3":[4,1],"4":[1,1],"5":[1,1]},"meta":{"lastBranch":6,"lastFunction":5,"lastStatement":15,"seen":{"f:3:16:3:28":0,"b:4:4:6:Infinity:undefined:undefined:undefined:undefined":0,"s:4:4:6:Infinity":0,"s:5:8:5:Infinity":1,"b:8:4:10:Infinity:undefined:undefined:undefined:undefined":1,"s:8:4:10:Infinity":2,"s:9:8:9:Infinity":3,"b:12:4:14:Infinity:undefined:undefined:undefined:undefined":2,"s:12:4:14:Infinity":4,"s:13:8:13:Infinity":5,"s:16:4:16:Infinity":6,"s:19:21:19:90":7,"f:21:16:21:27":1,"s:22:4:22:Infinity":8,"b:22:11:22:31:22:35:22:41":3,"f:25:16:25:26":2,"s:26:20:26:66":9,"b:26:40:26:46:26:49:26:66":4,"s:27:4:27:Infinity":10,"f:30:16:30:24":3,"s:31:23:31:40":11,"s:32:22:32:38":12,"s:34:4:47:Infinity":13,"b:45:40:45:63:45:66:45:72":5,"f:46:39:46:40":4,"s:46:51:46:62":14},"fnNames":{}}}
,"/Users/paulo/Developer/workspaces/python/mcp-gateway-demo/client/src/helpers/geometry.js": {"path":"/Users/paulo/Developer/workspaces/python/mcp-gateway-demo/client/src/helpers/geometry.js","statementMap":{"0":{"start":{"line":3,"column":21},"end":{"line":12,"column":1}},"1":{"start":{"line":15,"column":4},"end":{"line":15,"column":null}},"2":{"start":{"line":19,"column":4},"end":{"line":19,"column":null}},"3":{"start":{"line":23,"column":4},"end":{"line":25,"column":null}},"4":{"start":{"line":24,"column":8},"end":{"line":24,"column":null}},"5":{"start":{"line":27,"column":4},"end":{"line":29,"column":null}},"6":{"start":{"line":28,"column":8},"end":{"line":28,"column":null}},"7":{"start":{"line":31,"column":4},"end":{"line":31,"column":null}},"8":{"start":{"line":35,"column":4},"end":{"line":35,"column":null}}},"fnMap":{"0":{"name":"cellCenter","decl":{"start":{"line":14,"column":16},"end":{"line":14,"column":26}},"loc":{"start":{"line":14,"column":39},"end":{"line":16,"column":null}},"line":14},"1":{"name":"angleOf","decl":{"start":{"line":18,"column":16},"end":{"line":18,"column":23}},"loc":{"start":{"line":18,"column":32},"end":{"line":20,"column":null}},"line":18},"2":{"name":"animForState","decl":{"start":{"line":22,"column":16},"end":{"line":22,"column":28}},"loc":{"start":{"line":22,"column":36},"end":{"line":32,"column":null}},"line":22},"3":{"name":"facesLeft","decl":{"start":{"line":34,"column":16},"end":{"line":34,"column":25}},"loc":{"start":{"line":34,"column":34},"end":{"line":36,"column":null}},"line":34}},"branchMap":{"0":{"loc":{"start":{"line":19,"column":11},"end":{"line":19,"column":36}},"type":"binary-expr","locations":[{"start":{"line":19,"column":11},"end":{"line":19,"column":31}},{"start":{"line":19,"column":35},"end":{"line":19,"column":36}}],"line":19},"1":{"loc":{"start":{"line":23,"column":4},"end":{"line":25,"column":null}},"type":"if","locations":[{"start":{"line":23,"column":4},"end":{"line":25,"column":null}},{"start":{},"end":{}}],"line":23},"2":{"loc":{"start":{"line":27,"column":4},"end":{"line":29,"column":null}},"type":"if","locations":[{"start":{"line":27,"column":4},"end":{"line":29,"column":null}},{"start":{},"end":{}}],"line":27},"3":{"loc":{"start":{"line":27,"column":8},"end":{"line":27,"column":53}},"type":"binary-expr","locations":[{"start":{"line":27,"column":8},"end":{"line":27,"column":29}},{"start":{"line":27,"column":33},"end":{"line":27,"column":53}}],"line":27}},"s":{"0":1,"1":13,"2":2,"3":4,"4":1,"5":3,"6":2,"7":1,"8":2},"f":{"0":13,"1":2,"2":4,"3":2},"b":{"0":[2,1],"1":[1,3],"2":[2,1],"3":[3,2]},"meta":{"lastBranch":4,"lastFunction":4,"lastStatement":9,"seen":{"s:3:21:12:1":0,"f:14:16:14:26":0,"s:15:4:15:Infinity":1,"f:18:16:18:23":1,"s:19:4:19:Infinity":2,"b:19:11:19:31:19:35:19:36":0,"f:22:16:22:28":2,"b:23:4:25:Infinity:undefined:undefined:undefined:undefined":1,"s:23:4:25:Infinity":3,"s:24:8:24:Infinity":4,"b:27:4:29:Infinity:undefined:undefined:undefined:undefined":2,"s:27:4:29:Infinity":5,"b:27:8:27:29:27:33:27:53":3,"s:28:8:28:Infinity":6,"s:31:4:31:Infinity":7,"f:34:16:34:25":3,"s:35:4:35:Infinity":8},"fnNames":{}}}
,"/Users/paulo/Developer/workspaces/python/mcp-gateway-demo/client/src/helpers/health.js": {"path":"/Users/paulo/Developer/workspaces/python/mcp-gateway-demo/client/src/helpers/health.js","statementMap":{"0":{"start":{"line":4,"column":4},"end":{"line":6,"column":null}},"1":{"start":{"line":5,"column":8},"end":{"line":5,"column":null}},"2":{"start":{"line":8,"column":4},"end":{"line":8,"column":null}}},"fnMap":{"0":{"name":"healthRatio","decl":{"start":{"line":3,"column":16},"end":{"line":3,"column":27}},"loc":{"start":{"line":3,"column":47},"end":{"line":9,"column":null}},"line":3}},"branchMap":{"0":{"loc":{"start":{"line":4,"column":4},"end":{"line":6,"column":null}},"type":"if","locations":[{"start":{"line":4,"column":4},"end":{"line":6,"column":null}},{"start":{},"end":{}}],"line":4}},"s":{"0":4,"1":1,"2":3},"f":{"0":4},"b":{"0":[1,3]},"meta":{"lastBranch":1,"lastFunction":1,"lastStatement":3,"seen":{"f:3:16:3:27":0,"b:4:4:6:Infinity:undefined:undefined:undefined:undefined":0,"s:4:4:6:Infinity":0,"s:5:8:5:Infinity":1,"s:8:4:8:Infinity":2},"fnNames":{}}}
,"/Users/paulo/Developer/workspaces/python/mcp-gateway-demo/client/src/helpers/interpolate.js": {"path":"/Users/paulo/Developer/workspaces/python/mcp-gateway-demo/client/src/helpers/interpolate.js","statementMap":{"0":{"start":{"line":4,"column":23},"end":{"line":4,"column":24}},"1":{"start":{"line":7,"column":4},"end":{"line":7,"column":null}},"2":{"start":{"line":11,"column":16},"end":{"line":11,"column":25}},"3":{"start":{"line":12,"column":16},"end":{"line":12,"column":41}},"4":{"start":{"line":14,"column":4},"end":{"line":20,"column":null}},"5":{"start":{"line":14,"column":17},"end":{"line":14,"column":18}},"6":{"start":{"line":15,"column":8},"end":{"line":19,"column":null}},"7":{"start":{"line":16,"column":12},"end":{"line":16,"column":null}},"8":{"start":{"line":17,"column":12},"end":{"line":17,"column":null}},"9":{"start":{"line":18,"column":12},"end":{"line":18,"column":null}},"10":{"start":{"line":22,"column":4},"end":{"line":22,"column":null}},"11":{"start":{"line":26,"column":19},"end":{"line":26,"column":28}},"12":{"start":{"line":28,"column":4},"end":{"line":30,"column":null}},"13":{"start":{"line":29,"column":8},"end":{"line":29,"column":null}},"14":{"start":{"line":32,"column":23},"end":{"line":32,"column":36}},"15":{"start":{"line":33,"column":29},"end":{"line":33,"column":59}},"16":{"start":{"line":34,"column":17},"end":{"line":34,"column":34}},"17":{"start":{"line":35,"column":18},"end":{"line":35,"column":88}},"18":{"start":{"line":37,"column":4},"end":{"line":47,"column":null}},"19":{"start":{"line":38,"column":21},"end":{"line":38,"column":49}},"20":{"start":{"line":40,"column":12},"end":{"line":41,"column":74}},"21":{"start":{"line":42,"column":21},"end":{"line":42,"column":52}},"22":{"start":{"line":43,"column":19},"end":{"line":43,"column":52}},"23":{"start":{"line":44,"column":19},"end":{"line":44,"column":62}},"24":{"start":{"line":45,"column":19},"end":{"line":45,"column":62}},"25":{"start":{"line":46,"column":8},"end":{"line":46,"column":null}},"26":{"start":{"line":49,"column":4},"end":{"line":49,"column":null}}},"fnMap":{"0":{"name":"lerp","decl":{"start":{"line":6,"column":9},"end":{"line":6,"column":13}},"loc":{"start":{"line":6,"column":23},"end":{"line":8,"column":null}},"line":6},"1":{"name":"pickFrames","decl":{"start":{"line":10,"column":16},"end":{"line":10,"column":26}},"loc":{"start":{"line":10,"column":47},"end":{"line":23,"column":null}},"line":10},"2":{"name":"interpolate","decl":{"start":{"line":25,"column":16},"end":{"line":25,"column":27}},"loc":{"start":{"line":25,"column":56},"end":{"line":50,"column":null}},"line":25}},"branchMap":{"0":{"loc":{"start":{"line":15,"column":8},"end":{"line":19,"column":null}},"type":"if","locations":[{"start":{"line":15,"column":8},"end":{"line":19,"column":null}},{"start":{},"end":{}}],"line":15},"1":{"loc":{"start":{"line":15,"column":12},"end":{"line":15,"column":70}},"type":"binary-expr","locations":[{"start":{"line":15,"column":12},"end":{"line":15,"column":37}},{"start":{"line":15,"column":41},"end":{"line":15,"column":70}}],"line":15},"2":{"loc":{"start":{"line":28,"column":4},"end":{"line":30,"column":null}},"type":"if","locations":[{"start":{"line":28,"column":4},"end":{"line":30,"column":null}},{"start":{},"end":{}}],"line":28},"3":{"loc":{"start":{"line":35,"column":18},"end":{"line":35,"column":88}},"type":"cond-expr","locations":[{"start":{"line":35,"column":29},"end":{"line":35,"column":84}},{"start":{"line":35,"column":87},"end":{"line":35,"column":88}}],"line":35},"4":{"loc":{"start":{"line":38,"column":21},"end":{"line":38,"column":49}},"type":"binary-expr","locations":[{"start":{"line":38,"column":21},"end":{"line":38,"column":39}},{"start":{"line":38,"column":43},"end":{"line":38,"column":49}}],"line":38},"5":{"loc":{"start":{"line":40,"column":12},"end":{"line":41,"column":74}},"type":"binary-expr","locations":[{"start":{"line":40,"column":12},"end":{"line":40,"column":74}},{"start":{"line":41,"column":12},"end":{"line":41,"column":74}}],"line":40},"6":{"loc":{"start":{"line":44,"column":19},"end":{"line":44,"column":62}},"type":"cond-expr","locations":[{"start":{"line":44,"column":30},"end":{"line":44,"column":34}},{"start":{"line":44,"column":37},"end":{"line":44,"column":62}}],"line":44},"7":{"loc":{"start":{"line":45,"column":19},"end":{"line":45,"column":62}},"type":"cond-expr","locations":[{"start":{"line":45,"column":30},"end":{"line":45,"column":34}},{"start":{"line":45,"column":37},"end":{"line":45,"column":62}}],"line":45}},"s":{"0":1,"1":6,"2":7,"3":7,"4":7,"5":7,"6":9,"7":4,"8":4,"9":4,"10":7,"11":5,"12":5,"13":1,"14":4,"15":4,"16":4,"17":4,"18":5,"19":4,"20":4,"21":4,"22":4,"23":4,"24":4,"25":4,"26":4},"f":{"0":6,"1":7,"2":5},"b":{"0":[4,5],"1":[9,7],"2":[1,4],"3":[3,1],"4":[4,1],"5":[4,4],"6":[1,3],"7":[1,3]},"meta":{"lastBranch":8,"lastFunction":3,"lastStatement":27,"seen":{"s:4:23:4:24":0,"f:6:9:6:13":0,"s:7:4:7:Infinity":1,"f:10:16:10:26":1,"s:11:16:11:25":2,"s:12:16:12:41":3,"s:14:4:20:Infinity":4,"s:14:17:14:18":5,"b:15:8:19:Infinity:undefined:undefined:undefined:undefined":0,"s:15:8:19:Infinity":6,"b:15:12:15:37:15:41:15:70":1,"s:16:12:16:Infinity":7,"s:17:12:17:Infinity":8,"s:18:12:18:Infinity":9,"s:22:4:22:Infinity":10,"f:25:16:25:27":2,"s:26:19:26:28":11,"b:28:4:30:Infinity:undefined:undefined:undefined:undefined":2,"s:28:4:30:Infinity":12,"s:29:8:29:Infinity":13,"s:32:23:32:36":14,"s:33:29:33:59":15,"s:34:17:34:34":16,"s:35:18:35:88":17,"b:35:29:35:84:35:87:35:88":3,"s:37:4:47:Infinity":18,"s:38:21:38:49":19,"b:38:21:38:39:38:43:38:49":4,"s:40:12:41:74":20,"b:40:12:40:74:41:12:41:74":5,"s:42:21:42:52":21,"s:43:19:43:52":22,"s:44:19:44:62":23,"b:44:30:44:34:44:37:44:62":6,"s:45:19:45:62":24,"b:45:30:45:34:45:37:45:62":7,"s:46:8:46:Infinity":25,"s:49:4:49:Infinity":26},"fnNames":{}}}
,"/Users/paulo/Developer/workspaces/python/mcp-gateway-demo/client/src/helpers/mcp.js": {"path":"/Users/paulo/Developer/workspaces/python/mcp-gateway-demo/client/src/helpers/mcp.js","statementMap":{"0":{"start":{"line":4,"column":4},"end":{"line":8,"column":null}},"1":{"start":{"line":12,"column":4},"end":{"line":20,"column":null}}},"fnMap":{"0":{"name":"claudeCommand","decl":{"start":{"line":3,"column":16},"end":{"line":3,"column":29}},"loc":{"start":{"line":3,"column":42},"end":{"line":9,"column":null}},"line":3},"1":{"name":"mcpJson","decl":{"start":{"line":11,"column":16},"end":{"line":11,"column":23}},"loc":{"start":{"line":11,"column":36},"end":{"line":21,"column":null}},"line":11}},"branchMap":{},"s":{"0":1,"1":1},"f":{"0":1,"1":1},"b":{},"meta":{"lastBranch":0,"lastFunction":2,"lastStatement":2,"seen":{"f:3:16:3:29":0,"s:4:4:8:Infinity":0,"f:11:16:11:23":1,"s:12:4:20:Infinity":1},"fnNames":{}}}
,"/Users/paulo/Developer/workspaces/python/mcp-gateway-demo/client/src/helpers/store.js": {"path":"/Users/paulo/Developer/workspaces/python/mcp-gateway-demo/client/src/helpers/store.js","statementMap":{"0":{"start":{"line":4,"column":4},"end":{"line":17,"column":null}},"1":{"start":{"line":21,"column":19},"end":{"line":21,"column":31}},"2":{"start":{"line":23,"column":4},"end":{"line":25,"column":null}},"3":{"start":{"line":24,"column":8},"end":{"line":24,"column":null}},"4":{"start":{"line":27,"column":4},"end":{"line":27,"column":null}}},"fnMap":{"0":{"name":"createStore","decl":{"start":{"line":3,"column":16},"end":{"line":3,"column":27}},"loc":{"start":{"line":3,"column":30},"end":{"line":18,"column":null}},"line":3},"1":{"name":"selfEntity","decl":{"start":{"line":20,"column":16},"end":{"line":20,"column":26}},"loc":{"start":{"line":20,"column":34},"end":{"line":28,"column":null}},"line":20}},"branchMap":{"0":{"loc":{"start":{"line":23,"column":4},"end":{"line":25,"column":null}},"type":"if","locations":[{"start":{"line":23,"column":4},"end":{"line":25,"column":null}},{"start":{},"end":{}}],"line":23},"1":{"loc":{"start":{"line":27,"column":11},"end":{"line":27,"column":69}},"type":"binary-expr","locations":[{"start":{"line":27,"column":11},"end":{"line":27,"column":61}},{"start":{"line":27,"column":65},"end":{"line":27,"column":69}}],"line":27}},"s":{"0":1,"1":3,"2":3,"3":1,"4":2},"f":{"0":1,"1":3},"b":{"0":[1,2],"1":[2,1]},"meta":{"lastBranch":2,"lastFunction":2,"lastStatement":5,"seen":{"f:3:16:3:27":0,"s:4:4:17:Infinity":0,"f:20:16:20:26":1,"s:21:19:21:31":1,"b:23:4:25:Infinity:undefined:undefined:undefined:undefined":0,"s:23:4:25:Infinity":2,"s:24:8:24:Infinity":3,"s:27:4:27:Infinity":4,"b:27:11:27:61:27:65:27:69":1},"fnNames":{}}}
,"/Users/paulo/Developer/workspaces/python/mcp-gateway-demo/client/src/helpers/world.js": {"path":"/Users/paulo/Developer/workspaces/python/mcp-gateway-demo/client/src/helpers/world.js","statementMap":{"0":{"start":{"line":4,"column":17},"end":{"line":4,"column":26}},"1":{"start":{"line":5,"column":19},"end":{"line":13,"column":5}},"2":{"start":{"line":15,"column":4},"end":{"line":19,"column":null}},"3":{"start":{"line":16,"column":8},"end":{"line":18,"column":null}},"4":{"start":{"line":17,"column":12},"end":{"line":17,"column":null}},"5":{"start":{"line":21,"column":4},"end":{"line":21,"column":null}}},"fnMap":{"0":{"name":"indexWorld","decl":{"start":{"line":3,"column":16},"end":{"line":3,"column":26}},"loc":{"start":{"line":3,"column":34},"end":{"line":22,"column":null}},"line":3}},"branchMap":{},"s":{"0":1,"1":1,"2":1,"3":7,"4":5,"5":1},"f":{"0":1},"b":{},"meta":{"lastBranch":0,"lastFunction":1,"lastStatement":6,"seen":{"f:3:16:3:26":0,"s:4:17:4:26":0,"s:5:19:13:5":1,"s:15:4:19:Infinity":2,"s:16:8:18:Infinity":3,"s:17:12:17:Infinity":4,"s:21:4:21:Infinity":5},"fnNames":{}}}
,"/Users/paulo/Developer/workspaces/python/mcp-gateway-demo/client/src/net/GameSocket.js": {"path":"/Users/paulo/Developer/workspaces/python/mcp-gateway-demo/client/src/net/GameSocket.js","statementMap":{"0":{"start":{"line":3,"column":25},"end":{"line":3,"column":28}},"1":{"start":{"line":4,"column":25},"end":{"line":4,"column":29}},"2":{"start":{"line":5,"column":25},"end":{"line":5,"column":29}},"3":{"start":{"line":6,"column":18},"end":{"line":6,"column":34}},"4":{"start":{"line":9,"column":16},"end":{"line":9,"column":47}},"5":{"start":{"line":11,"column":4},"end":{"line":14,"column":null}},"6":{"start":{"line":12,"column":8},"end":{"line":12,"column":null}},"7":{"start":{"line":13,"column":8},"end":{"line":13,"column":null}},"8":{"start":{"line":16,"column":4},"end":{"line":16,"column":null}},"9":{"start":{"line":21,"column":8},"end":{"line":21,"column":null}},"10":{"start":{"line":22,"column":8},"end":{"line":22,"column":null}},"11":{"start":{"line":23,"column":8},"end":{"line":23,"column":null}},"12":{"start":{"line":24,"column":8},"end":{"line":24,"column":null}},"13":{"start":{"line":25,"column":8},"end":{"line":25,"column":null}},"14":{"start":{"line":26,"column":8},"end":{"line":26,"column":null}},"15":{"start":{"line":27,"column":8},"end":{"line":27,"column":null}},"16":{"start":{"line":28,"column":8},"end":{"line":28,"column":null}},"17":{"start":{"line":32,"column":8},"end":{"line":32,"column":null}},"18":{"start":{"line":33,"column":20},"end":{"line":33,"column":77}},"19":{"start":{"line":34,"column":23},"end":{"line":34,"column":41}},"20":{"start":{"line":35,"column":8},"end":{"line":35,"column":null}},"21":{"start":{"line":37,"column":8},"end":{"line":41,"column":null}},"22":{"start":{"line":38,"column":12},"end":{"line":38,"column":null}},"23":{"start":{"line":39,"column":12},"end":{"line":39,"column":null}},"24":{"start":{"line":40,"column":12},"end":{"line":40,"column":null}},"25":{"start":{"line":42,"column":8},"end":{"line":42,"column":null}},"26":{"start":{"line":42,"column":54},"end":{"line":42,"column":81}},"27":{"start":{"line":43,"column":8},"end":{"line":43,"column":null}},"28":{"start":{"line":43,"column":47},"end":{"line":43,"column":68}},"29":{"start":{"line":44,"column":8},"end":{"line":44,"column":null}},"30":{"start":{"line":44,"column":47},"end":{"line":44,"column":61}},"31":{"start":{"line":48,"column":8},"end":{"line":48,"column":null}},"32":{"start":{"line":52,"column":24},"end":{"line":52,"column":39}},"33":{"start":{"line":54,"column":8},"end":{"line":77,"column":null}},"34":{"start":{"line":56,"column":16},"end":{"line":56,"column":null}},"35":{"start":{"line":57,"column":16},"end":{"line":57,"column":null}},"36":{"start":{"line":59,"column":16},"end":{"line":59,"column":null}},"37":{"start":{"line":60,"column":16},"end":{"line":60,"column":null}},"38":{"start":{"line":62,"column":16},"end":{"line":62,"column":null}},"39":{"start":{"line":63,"column":16},"end":{"line":63,"column":null}},"40":{"start":{"line":65,"column":16},"end":{"line":65,"column":null}},"41":{"start":{"line":66,"column":16},"end":{"line":66,"column":null}},"42":{"start":{"line":68,"column":16},"end":{"line":68,"column":null}},"43":{"start":{"line":69,"column":16},"end":{"line":69,"column":null}},"44":{"start":{"line":71,"column":16},"end":{"line":71,"column":null}},"45":{"start":{"line":72,"column":16},"end":{"line":72,"column":null}},"46":{"start":{"line":74,"column":16},"end":{"line":74,"column":null}},"47":{"start":{"line":75,"column":16},"end":{"line":75,"column":null}},"48":{"start":{"line":76,"column":16},"end":{"line":76,"column":null}},"49":{"start":{"line":82,"column":8},"end":{"line":84,"column":null}},"50":{"start":{"line":83,"column":12},"end":{"line":83,"column":null}},"51":{"start":{"line":86,"column":8},"end":{"line":86,"column":null}},"52":{"start":{"line":87,"column":8},"end":{"line":87,"column":null}},"53":{"start":{"line":88,"column":8},"end":{"line":88,"column":null}},"54":{"start":{"line":89,"column":8},"end":{"line":89,"column":null}},"55":{"start":{"line":90,"column":24},"end":{"line":90,"column":97}},"56":{"start":{"line":91,"column":22},"end":{"line":91,"column":71}},"57":{"start":{"line":92,"column":8},"end":{"line":92,"column":null}},"58":{"start":{"line":94,"column":8},"end":{"line":96,"column":null}},"59":{"start":{"line":95,"column":12},"end":{"line":95,"column":null}},"60":{"start":{"line":98,"column":8},"end":{"line":98,"column":null}},"61":{"start":{"line":98,"column":47},"end":{"line":98,"column":61}},"62":{"start":{"line":102,"column":8},"end":{"line":102,"column":null}},"63":{"start":{"line":103,"column":8},"end":{"line":107,"column":null}},"64":{"start":{"line":104,"column":12},"end":{"line":106,"column":null}},"65":{"start":{"line":105,"column":16},"end":{"line":105,"column":null}},"66":{"start":{"line":111,"column":8},"end":{"line":114,"column":null}},"67":{"start":{"line":112,"column":12},"end":{"line":112,"column":null}},"68":{"start":{"line":113,"column":12},"end":{"line":113,"column":null}},"69":{"start":{"line":118,"column":8},"end":{"line":120,"column":null}},"70":{"start":{"line":119,"column":12},"end":{"line":119,"column":null}}},"fnMap":{"0":{"name":"ownToken","decl":{"start":{"line":8,"column":9},"end":{"line":8,"column":17}},"loc":{"start":{"line":8,"column":20},"end":{"line":17,"column":null}},"line":8},"1":{"name":"constructor","decl":{"start":{"line":20,"column":4},"end":{"line":20,"column":15}},"loc":{"start":{"line":20,"column":35},"end":{"line":29,"column":null}},"line":20},"2":{"name":"connect","decl":{"start":{"line":31,"column":4},"end":{"line":31,"column":11}},"loc":{"start":{"line":31,"column":14},"end":{"line":45,"column":null}},"line":31},"3":{"name":"(anonymous_3)","decl":{"start":{"line":37,"column":40},"end":{"line":37,"column":41}},"loc":{"start":{"line":37,"column":46},"end":{"line":41,"column":9}},"line":37},"4":{"name":"(anonymous_4)","decl":{"start":{"line":42,"column":43},"end":{"line":42,"column":44}},"loc":{"start":{"line":42,"column":54},"end":{"line":42,"column":81}},"line":42},"5":{"name":"(anonymous_5)","decl":{"start":{"line":43,"column":41},"end":{"line":43,"column":42}},"loc":{"start":{"line":43,"column":47},"end":{"line":43,"column":68}},"line":43},"6":{"name":"(anonymous_6)","decl":{"start":{"line":44,"column":41},"end":{"line":44,"column":42}},"loc":{"start":{"line":44,"column":47},"end":{"line":44,"column":61}},"line":44},"7":{"name":"requestStats","decl":{"start":{"line":47,"column":4},"end":{"line":47,"column":16}},"loc":{"start":{"line":47,"column":19},"end":{"line":49,"column":null}},"line":47},"8":{"name":"(anonymous_8)","decl":{"start":{"line":51,"column":4},"end":{"line":51,"column":14}},"loc":{"start":{"line":51,"column":20},"end":{"line":78,"column":null}},"line":51},"9":{"name":"(anonymous_9)","decl":{"start":{"line":80,"column":4},"end":{"line":80,"column":12}},"loc":{"start":{"line":80,"column":21},"end":{"line":99,"column":null}},"line":80},"10":{"name":"(anonymous_10)","decl":{"start":{"line":98,"column":41},"end":{"line":98,"column":42}},"loc":{"start":{"line":98,"column":47},"end":{"line":98,"column":61}},"line":98},"11":{"name":"(anonymous_11)","decl":{"start":{"line":101,"column":4},"end":{"line":101,"column":14}},"loc":{"start":{"line":101,"column":17},"end":{"line":108,"column":null}},"line":101},"12":{"name":"(anonymous_12)","decl":{"start":{"line":103,"column":37},"end":{"line":103,"column":38}},"loc":{"start":{"line":103,"column":43},"end":{"line":107,"column":9}},"line":103},"13":{"name":"(anonymous_13)","decl":{"start":{"line":110,"column":4},"end":{"line":110,"column":13}},"loc":{"start":{"line":110,"column":16},"end":{"line":115,"column":null}},"line":110},"14":{"name":"(anonymous_14)","decl":{"start":{"line":117,"column":4},"end":{"line":117,"column":9}},"loc":{"start":{"line":117,"column":19},"end":{"line":121,"column":null}},"line":117}},"branchMap":{"0":{"loc":{"start":{"line":11,"column":4},"end":{"line":14,"column":null}},"type":"if","locations":[{"start":{"line":11,"column":4},"end":{"line":14,"column":null}},{"start":{},"end":{}}],"line":11},"1":{"loc":{"start":{"line":54,"column":8},"end":{"line":77,"column":null}},"type":"switch","locations":[{"start":{"line":55,"column":12},"end":{"line":57,"column":null}},{"start":{"line":58,"column":12},"end":{"line":60,"column":null}},{"start":{"line":61,"column":12},"end":{"line":63,"column":null}},{"start":{"line":64,"column":12},"end":{"line":66,"column":null}},{"start":{"line":67,"column":12},"end":{"line":69,"column":null}},{"start":{"line":70,"column":12},"end":{"line":72,"column":null}},{"start":{"line":73,"column":12},"end":{"line":76,"column":null}}],"line":54},"2":{"loc":{"start":{"line":82,"column":8},"end":{"line":84,"column":null}},"type":"if","locations":[{"start":{"line":82,"column":8},"end":{"line":84,"column":null}},{"start":{},"end":{}}],"line":82},"3":{"loc":{"start":{"line":94,"column":8},"end":{"line":96,"column":null}},"type":"if","locations":[{"start":{"line":94,"column":8},"end":{"line":96,"column":null}},{"start":{},"end":{}}],"line":94},"4":{"loc":{"start":{"line":104,"column":12},"end":{"line":106,"column":null}},"type":"if","locations":[{"start":{"line":104,"column":12},"end":{"line":106,"column":null}},{"start":{},"end":{}}],"line":104},"5":{"loc":{"start":{"line":111,"column":8},"end":{"line":114,"column":null}},"type":"if","locations":[{"start":{"line":111,"column":8},"end":{"line":114,"column":null}},{"start":{},"end":{}}],"line":111},"6":{"loc":{"start":{"line":118,"column":8},"end":{"line":120,"column":null}},"type":"if","locations":[{"start":{"line":118,"column":8},"end":{"line":120,"column":null}},{"start":{},"end":{}}],"line":118}},"s":{"0":1,"1":1,"2":1,"3":1,"4":7,"5":7,"6":6,"7":6,"8":7,"9":7,"10":7,"11":7,"12":7,"13":7,"14":7,"15":7,"16":7,"17":11,"18":11,"19":11,"20":11,"21":11,"22":5,"23":5,"24":5,"25":11,"26":15,"27":11,"28":7,"29":11,"30":1,"31":3,"32":15,"33":15,"34":2,"35":2,"36":2,"37":2,"38":2,"39":2,"40":2,"41":2,"42":2,"43":2,"44":2,"45":2,"46":2,"47":2,"48":2,"49":7,"50":1,"51":6,"52":6,"53":6,"54":6,"55":7,"56":7,"57":7,"58":7,"59":1,"60":6,"61":4,"62":5,"63":5,"64":2,"65":1,"66":11,"67":4,"68":4,"69":4,"70":3},"f":{"0":7,"1":7,"2":11,"3":5,"4":15,"5":7,"6":1,"7":3,"8":15,"9":7,"10":4,"11":5,"12":2,"13":11,"14":4},"b":{"0":[6,1],"1":[2,2,2,2,2,2,2],"2":[1,6],"3":[1,6],"4":[1,1],"5":[4,7],"6":[3,1]},"meta":{"lastBranch":7,"lastFunction":15,"lastStatement":71,"seen":{"s:3:25:3:28":0,"s:4:25:4:29":1,"s:5:25:5:29":2,"s:6:18:6:34":3,"f:8:9:8:17":0,"s:9:16:9:47":4,"b:11:4:14:Infinity:undefined:undefined:undefined:undefined":0,"s:11:4:14:Infinity":5,"s:12:8:12:Infinity":6,"s:13:8:13:Infinity":7,"s:16:4:16:Infinity":8,"f:20:4:20:15":1,"s:21:8:21:Infinity":9,"s:22:8:22:Infinity":10,"s:23:8:23:Infinity":11,"s:24:8:24:Infinity":12,"s:25:8:25:Infinity":13,"s:26:8:26:Infinity":14,"s:27:8:27:Infinity":15,"s:28:8:28:Infinity":16,"f:31:4:31:11":2,"s:32:8:32:Infinity":17,"s:33:20:33:77":18,"s:34:23:34:41":19,"s:35:8:35:Infinity":20,"s:37:8:41:Infinity":21,"f:37:40:37:41":3,"s:38:12:38:Infinity":22,"s:39:12:39:Infinity":23,"s:40:12:40:Infinity":24,"s:42:8:42:Infinity":25,"f:42:43:42:44":4,"s:42:54:42:81":26,"s:43:8:43:Infinity":27,"f:43:41:43:42":5,"s:43:47:43:68":28,"s:44:8:44:Infinity":29,"f:44:41:44:42":6,"s:44:47:44:61":30,"f:47:4:47:16":7,"s:48:8:48:Infinity":31,"f:51:4:51:14":8,"s:52:24:52:39":32,"b:55:12:57:Infinity:58:12:60:Infinity:61:12:63:Infinity:64:12:66:Infinity:67:12:69:Infinity:70:12:72:Infinity:73:12:76:Infinity":1,"s:54:8:77:Infinity":33,"s:56:16:56:Infinity":34,"s:57:16:57:Infinity":35,"s:59:16:59:Infinity":36,"s:60:16:60:Infinity":37,"s:62:16:62:Infinity":38,"s:63:16:63:Infinity":39,"s:65:16:65:Infinity":40,"s:66:16:66:Infinity":41,"s:68:16:68:Infinity":42,"s:69:16:69:Infinity":43,"s:71:16:71:Infinity":44,"s:72:16:72:Infinity":45,"s:74:16:74:Infinity":46,"s:75:16:75:Infinity":47,"s:76:16:76:Infinity":48,"f:80:4:80:12":9,"b:82:8:84:Infinity:undefined:undefined:undefined:undefined":2,"s:82:8:84:Infinity":49,"s:83:12:83:Infinity":50,"s:86:8:86:Infinity":51,"s:87:8:87:Infinity":52,"s:88:8:88:Infinity":53,"s:89:8:89:Infinity":54,"s:90:24:90:97":55,"s:91:22:91:71":56,"s:92:8:92:Infinity":57,"b:94:8:96:Infinity:undefined:undefined:undefined:undefined":3,"s:94:8:96:Infinity":58,"s:95:12:95:Infinity":59,"s:98:8:98:Infinity":60,"f:98:41:98:42":10,"s:98:47:98:61":61,"f:101:4:101:14":11,"s:102:8:102:Infinity":62,"s:103:8:107:Infinity":63,"f:103:37:103:38":12,"b:104:12:106:Infinity:undefined:undefined:undefined:undefined":4,"s:104:12:106:Infinity":64,"s:105:16:105:Infinity":65,"f:110:4:110:13":13,"b:111:8:114:Infinity:undefined:undefined:undefined:undefined":5,"s:111:8:114:Infinity":66,"s:112:12:112:Infinity":67,"s:113:12:113:Infinity":68,"f:117:4:117:9":14,"b:118:8:120:Infinity:undefined:undefined:undefined:undefined":6,"s:118:8:120:Infinity":69,"s:119:12:119:Infinity":70},"fnNames":{}}}
}
